{"/home/kendy/projetos/Teste tecnico/vacation_management/src/config/database.ts": {"path":"/home/kendy/projetos/Teste tecnico/vacation_management/src/config/database.ts","statementMap":{"0":{"start":{"line":1,"column":0},"end":{"line":1,"column":46}},"1":{"start":{"line":5,"column":2},"end":{"line":5,"column":30}},"2":{"start":{"line":4,"column":0},"end":{"line":4,"column":16}},"3":{"start":{"line":9,"column":2},"end":{"line":9,"column":30}},"4":{"start":{"line":8,"column":0},"end":{"line":8,"column":22}}},"fnMap":{"0":{"name":"connectDB","decl":{"start":{"line":4,"column":16},"end":{"line":4,"column":25}},"loc":{"start":{"line":4,"column":25},"end":{"line":6,"column":1}}},"1":{"name":"disconnectDB","decl":{"start":{"line":8,"column":22},"end":{"line":8,"column":34}},"loc":{"start":{"line":8,"column":34},"end":{"line":10,"column":null}}}},"branchMap":{"0":{"loc":{"start":{"line":9,"column":8},"end":{"line":9,"column":29}},"type":"cond-expr","locations":[{"start":{"line":9,"column":14},"end":{"line":9,"column":16}},{"start":{"line":9,"column":8},"end":{"line":9,"column":29}}]},"1":{"loc":{"start":{"line":9,"column":8},"end":{"line":9,"column":16}},"type":"binary-expr","locations":[{"start":{"line":9,"column":8},"end":{"line":9,"column":16}},{"start":{"line":9,"column":8},"end":{"line":9,"column":16}}]}},"s":{"0":1,"1":0,"2":1,"3":0,"4":1},"f":{"0":0,"1":0},"b":{"0":[0,0],"1":[0,0]}}
,"/home/kendy/projetos/Teste tecnico/vacation_management/src/config/envs.ts": {"path":"/home/kendy/projetos/Teste tecnico/vacation_management/src/config/envs.ts","statementMap":{"0":{"start":{"line":1,"column":0},"end":{"line":1,"column":28}},"1":{"start":{"line":2,"column":0},"end":{"line":2,"column":41}},"2":{"start":{"line":6,"column":6},"end":{"line":10,"column":21}},"3":{"start":{"line":12,"column":24},"end":{"line":12,"column":47}},"4":{"start":{"line":13,"column":4},"end":{"line":13,"column":37}},"5":{"start":{"line":4,"column":0},"end":{"line":4,"column":16}}},"fnMap":{"0":{"name":"loadEnv","decl":{"start":{"line":4,"column":16},"end":{"line":4,"column":23}},"loc":{"start":{"line":4,"column":23},"end":{"line":14,"column":3}}}},"branchMap":{"0":{"loc":{"start":{"line":6,"column":6},"end":{"line":10,"column":21}},"type":"cond-expr","locations":[{"start":{"line":7,"column":10},"end":{"line":7,"column":21}},{"start":{"line":8,"column":10},"end":{"line":10,"column":21}}]},"1":{"loc":{"start":{"line":8,"column":10},"end":{"line":10,"column":21}},"type":"cond-expr","locations":[{"start":{"line":9,"column":10},"end":{"line":9,"column":28}},{"start":{"line":10,"column":10},"end":{"line":10,"column":21}}]}},"s":{"0":1,"1":1,"2":0,"3":0,"4":0,"5":1},"f":{"0":0},"b":{"0":[0,0],"1":[0,0]}}
,"/home/kendy/projetos/Teste tecnico/vacation_management/src/config/index.ts": {"path":"/home/kendy/projetos/Teste tecnico/vacation_management/src/config/index.ts","statementMap":{"0":{"start":{"line":1,"column":0},"end":{"line":1,"column":27}},"1":{"start":{"line":2,"column":0},"end":{"line":2,"column":23}}},"fnMap":{},"branchMap":{},"s":{"0":1,"1":1},"f":{},"b":{}}
,"/home/kendy/projetos/Teste tecnico/vacation_management/src/errors/bad-request-error.ts": {"path":"/home/kendy/projetos/Teste tecnico/vacation_management/src/errors/bad-request-error.ts","statementMap":{"0":{"start":{"line":4,"column":2},"end":{"line":7,"column":4}},"1":{"start":{"line":3,"column":0},"end":{"line":3,"column":16}}},"fnMap":{"0":{"name":"badrequestError","decl":{"start":{"line":3,"column":16},"end":{"line":3,"column":31}},"loc":{"start":{"line":3,"column":47},"end":{"line":8,"column":1}}}},"branchMap":{},"s":{"0":16,"1":1},"f":{"0":16},"b":{}}
,"/home/kendy/projetos/Teste tecnico/vacation_management/src/errors/conflict-error.ts": {"path":"/home/kendy/projetos/Teste tecnico/vacation_management/src/errors/conflict-error.ts","statementMap":{"0":{"start":{"line":4,"column":2},"end":{"line":7,"column":4}},"1":{"start":{"line":3,"column":0},"end":{"line":3,"column":16}}},"fnMap":{"0":{"name":"conflictError","decl":{"start":{"line":3,"column":16},"end":{"line":3,"column":29}},"loc":{"start":{"line":3,"column":45},"end":{"line":8,"column":1}}}},"branchMap":{},"s":{"0":0,"1":1},"f":{"0":0},"b":{}}
,"/home/kendy/projetos/Teste tecnico/vacation_management/src/repositories/employee-repository.ts": {"path":"/home/kendy/projetos/Teste tecnico/vacation_management/src/repositories/employee-repository.ts","statementMap":{"0":{"start":{"line":1,"column":0},"end":{"line":1,"column":34}},"1":{"start":{"line":6,"column":2},"end":{"line":6,"column":48}},"2":{"start":{"line":10,"column":2},"end":{"line":14,"column":5}},"3":{"start":{"line":18,"column":15},"end":{"line":21,"column":4}},"4":{"start":{"line":23,"column":2},"end":{"line":23,"column":null}},"5":{"start":{"line":27,"column":2},"end":{"line":27,"column":44}},"6":{"start":{"line":30,"column":27},"end":{"line":35,"column":2}},"7":{"start":{"line":37,"column":0},"end":{"line":37,"column":34}}},"fnMap":{"0":{"name":"create","decl":{"start":{"line":5,"column":15},"end":{"line":5,"column":21}},"loc":{"start":{"line":5,"column":43},"end":{"line":7,"column":null}}},"1":{"name":"findByName","decl":{"start":{"line":9,"column":15},"end":{"line":9,"column":25}},"loc":{"start":{"line":9,"column":38},"end":{"line":15,"column":null}}},"2":{"name":"getHireDateById","decl":{"start":{"line":17,"column":15},"end":{"line":17,"column":30}},"loc":{"start":{"line":17,"column":41},"end":{"line":24,"column":null}}},"3":{"name":"getAll","decl":{"start":{"line":26,"column":15},"end":{"line":26,"column":21}},"loc":{"start":{"line":26,"column":21},"end":{"line":28,"column":null}}}},"branchMap":{},"s":{"0":1,"1":0,"2":0,"3":0,"4":0,"5":0,"6":1,"7":1},"f":{"0":0,"1":0,"2":0,"3":0},"b":{}}
,"/home/kendy/projetos/Teste tecnico/vacation_management/src/repositories/vacation-repository.ts": {"path":"/home/kendy/projetos/Teste tecnico/vacation_management/src/repositories/vacation-repository.ts","statementMap":{"0":{"start":{"line":1,"column":0},"end":{"line":1,"column":34}},"1":{"start":{"line":4,"column":2},"end":{"line":6,"column":5}},"2":{"start":{"line":10,"column":2},"end":{"line":14,"column":5}},"3":{"start":{"line":18,"column":26},"end":{"line":36,"column":4}},"4":{"start":{"line":38,"column":2},"end":{"line":38,"column":25}},"5":{"start":{"line":41,"column":27},"end":{"line":45,"column":2}},"6":{"start":{"line":47,"column":0},"end":{"line":47,"column":34}}},"fnMap":{"0":{"name":"create","decl":{"start":{"line":3,"column":15},"end":{"line":3,"column":21}},"loc":{"start":{"line":3,"column":26},"end":{"line":7,"column":null}}},"1":{"name":"findAllByEmployeeId","decl":{"start":{"line":9,"column":15},"end":{"line":9,"column":34}},"loc":{"start":{"line":9,"column":53},"end":{"line":15,"column":null}}},"2":{"name":"findVacationsWithinDateRange","decl":{"start":{"line":17,"column":15},"end":{"line":17,"column":43}},"loc":{"start":{"line":17,"column":106},"end":{"line":39,"column":null}}}},"branchMap":{},"s":{"0":1,"1":0,"2":0,"3":0,"4":0,"5":1,"6":1},"f":{"0":0,"1":0,"2":0},"b":{}}
,"/home/kendy/projetos/Teste tecnico/vacation_management/src/services/vacation-service.ts": {"path":"/home/kendy/projetos/Teste tecnico/vacation_management/src/services/vacation-service.ts","statementMap":{"0":{"start":{"line":1,"column":0},"end":{"line":1,"column":60}},"1":{"start":{"line":2,"column":0},"end":{"line":2,"column":55}},"2":{"start":{"line":4,"column":0},"end":{"line":4,"column":67}},"3":{"start":{"line":5,"column":0},"end":{"line":5,"column":67}},"4":{"start":{"line":10,"column":21},"end":{"line":10,"column":73}},"5":{"start":{"line":11,"column":4},"end":{"line":11,"column":null}},"6":{"start":{"line":12,"column":4},"end":{"line":12,"column":null}},"7":{"start":{"line":13,"column":48},"end":{"line":13,"column":96}},"8":{"start":{"line":14,"column":4},"end":{"line":14,"column":null}},"9":{"start":{"line":15,"column":4},"end":{"line":15,"column":null}},"10":{"start":{"line":20,"column":31},"end":{"line":20,"column":71}},"11":{"start":{"line":21,"column":22},"end":{"line":21,"column":75}},"12":{"start":{"line":22,"column":4},"end":{"line":22,"column":null}},"13":{"start":{"line":22,"column":25},"end":{"line":22,"column":null}},"14":{"start":{"line":27,"column":36},"end":{"line":27,"column":85}},"15":{"start":{"line":28,"column":4},"end":{"line":28,"column":null}},"16":{"start":{"line":28,"column":36},"end":{"line":28,"column":null}},"17":{"start":{"line":29,"column":4},"end":{"line":29,"column":null}},"18":{"start":{"line":29,"column":37},"end":{"line":29,"column":null}},"19":{"start":{"line":33,"column":22},"end":{"line":33,"column":41}},"20":{"start":{"line":34,"column":20},"end":{"line":34,"column":38}},"21":{"start":{"line":36,"column":24},"end":{"line":36,"column":57}},"22":{"start":{"line":37,"column":25},"end":{"line":37,"column":55}},"23":{"start":{"line":38,"column":23},"end":{"line":38,"column":52}},"24":{"start":{"line":40,"column":26},"end":{"line":40,"column":44}},"25":{"start":{"line":41,"column":4},"end":{"line":47,"column":null}},"26":{"start":{"line":42,"column":8},"end":{"line":42,"column":null}},"27":{"start":{"line":43,"column":8},"end":{"line":43,"column":null}},"28":{"start":{"line":45,"column":8},"end":{"line":45,"column":null}},"29":{"start":{"line":46,"column":8},"end":{"line":46,"column":null}},"30":{"start":{"line":49,"column":29},"end":{"line":49,"column":47}},"31":{"start":{"line":50,"column":4},"end":{"line":50,"column":null}},"32":{"start":{"line":53,"column":4},"end":{"line":56,"column":null}},"33":{"start":{"line":60,"column":45},"end":{"line":60,"column":61}},"34":{"start":{"line":62,"column":18},"end":{"line":62,"column":61}},"35":{"start":{"line":63,"column":16},"end":{"line":63,"column":57}},"36":{"start":{"line":64,"column":4},"end":{"line":65,"column":null}},"37":{"start":{"line":65,"column":9},"end":{"line":65,"column":null}},"38":{"start":{"line":69,"column":36},"end":{"line":69,"column":85}},"39":{"start":{"line":70,"column":45},"end":{"line":70,"column":61}},"40":{"start":{"line":71,"column":45},"end":{"line":71,"column":142}},"41":{"start":{"line":72,"column":4},"end":{"line":72,"column":42}},"42":{"start":{"line":72,"column":36},"end":{"line":72,"column":42}},"43":{"start":{"line":73,"column":4},"end":{"line":73,"column":null}},"44":{"start":{"line":73,"column":34},"end":{"line":73,"column":null}},"45":{"start":{"line":75,"column":26},"end":{"line":79,"column":6}},"46":{"start":{"line":76,"column":22},"end":{"line":76,"column":44}},"47":{"start":{"line":77,"column":20},"end":{"line":77,"column":40}},"48":{"start":{"line":78,"column":8},"end":{"line":78,"column":null}},"49":{"start":{"line":81,"column":27},"end":{"line":81,"column":77}},"50":{"start":{"line":81,"column":63},"end":{"line":81,"column":73}},"51":{"start":{"line":82,"column":4},"end":{"line":82,"column":null}},"52":{"start":{"line":82,"column":30},"end":{"line":82,"column":null}},"53":{"start":{"line":83,"column":4},"end":{"line":83,"column":null}},"54":{"start":{"line":83,"column":54},"end":{"line":83,"column":null}},"55":{"start":{"line":85,"column":34},"end":{"line":85,"column":72}},"56":{"start":{"line":85,"column":61},"end":{"line":85,"column":71}},"57":{"start":{"line":86,"column":4},"end":{"line":86,"column":null}},"58":{"start":{"line":86,"column":94},"end":{"line":86,"column":null}},"59":{"start":{"line":90,"column":45},"end":{"line":90,"column":101}},"60":{"start":{"line":91,"column":4},"end":{"line":91,"column":30}},"61":{"start":{"line":91,"column":24},"end":{"line":91,"column":30}},"62":{"start":{"line":92,"column":28},"end":{"line":100,"column":6}},"63":{"start":{"line":93,"column":8},"end":{"line":94,"column":20}},"64":{"start":{"line":94,"column":8},"end":{"line":94,"column":20}},"65":{"start":{"line":95,"column":8},"end":{"line":96,"column":20}},"66":{"start":{"line":96,"column":8},"end":{"line":96,"column":20}},"67":{"start":{"line":97,"column":8},"end":{"line":98,"column":20}},"68":{"start":{"line":98,"column":8},"end":{"line":98,"column":20}},"69":{"start":{"line":99,"column":4},"end":{"line":99,"column":null}},"70":{"start":{"line":101,"column":4},"end":{"line":101,"column":null}},"71":{"start":{"line":101,"column":37},"end":{"line":101,"column":null}},"72":{"start":{"line":105,"column":24},"end":{"line":108,"column":null}},"73":{"start":{"line":110,"column":0},"end":{"line":110,"column":null}}},"fnMap":{"0":{"name":"createVacationPeriod","decl":{"start":{"line":9,"column":15},"end":{"line":9,"column":35}},"loc":{"start":{"line":9,"column":87},"end":{"line":17,"column":null}}},"1":{"name":"isEligibleForVacation","decl":{"start":{"line":19,"column":15},"end":{"line":19,"column":36}},"loc":{"start":{"line":19,"column":69},"end":{"line":24,"column":null}}},"2":{"name":"isValidConsecutiveVacationDays","decl":{"start":{"line":26,"column":15},"end":{"line":26,"column":45}},"loc":{"start":{"line":26,"column":78},"end":{"line":30,"column":null}}},"3":{"name":"checkConcessionPeriod","decl":{"start":{"line":32,"column":15},"end":{"line":32,"column":36}},"loc":{"start":{"line":32,"column":70},"end":{"line":57,"column":null}}},"4":{"name":"isValidVacationPeriod","decl":{"start":{"line":59,"column":15},"end":{"line":59,"column":36}},"loc":{"start":{"line":59,"column":105},"end":{"line":66,"column":null}}},"5":{"name":"isValidVacationFracionation","decl":{"start":{"line":68,"column":15},"end":{"line":68,"column":42}},"loc":{"start":{"line":68,"column":130},"end":{"line":87,"column":null}}},"6":{"name":"(anonymous_20)","decl":{"start":{"line":75,"column":45},"end":{"line":75,"column":47}},"loc":{"start":{"line":75,"column":50},"end":{"line":79,"column":5}}},"7":{"name":"(anonymous_21)","decl":{"start":{"line":81,"column":48},"end":{"line":81,"column":49}},"loc":{"start":{"line":81,"column":63},"end":{"line":81,"column":73}}},"8":{"name":"(anonymous_22)","decl":{"start":{"line":85,"column":53},"end":{"line":85,"column":57}},"loc":{"start":{"line":85,"column":61},"end":{"line":85,"column":71}}},"9":{"name":"isVacationPeriodOverlapping","decl":{"start":{"line":89,"column":15},"end":{"line":89,"column":42}},"loc":{"start":{"line":89,"column":94},"end":{"line":102,"column":null}}},"10":{"name":"(anonymous_25)","decl":{"start":{"line":92,"column":50},"end":{"line":92,"column":51}},"loc":{"start":{"line":92,"column":56},"end":{"line":100,"column":5}}}},"branchMap":{"0":{"loc":{"start":{"line":22,"column":4},"end":{"line":22,"column":null}},"type":"if","locations":[{"start":{"line":22,"column":4},"end":{"line":22,"column":null}}]},"1":{"loc":{"start":{"line":28,"column":4},"end":{"line":28,"column":null}},"type":"if","locations":[{"start":{"line":28,"column":4},"end":{"line":28,"column":null}}]},"2":{"loc":{"start":{"line":29,"column":4},"end":{"line":29,"column":null}},"type":"if","locations":[{"start":{"line":29,"column":4},"end":{"line":29,"column":null}}]},"3":{"loc":{"start":{"line":41,"column":4},"end":{"line":47,"column":null}},"type":"if","locations":[{"start":{"line":41,"column":4},"end":{"line":47,"column":null}},{"start":{"line":44,"column":10},"end":{"line":47,"column":null}}]},"4":{"loc":{"start":{"line":41,"column":7},"end":{"line":41,"column":85}},"type":"binary-expr","locations":[{"start":{"line":41,"column":7},"end":{"line":41,"column":31}},{"start":{"line":41,"column":35},"end":{"line":41,"column":61}},{"start":{"line":41,"column":65},"end":{"line":41,"column":85}}]},"5":{"loc":{"start":{"line":64,"column":4},"end":{"line":65,"column":null}},"type":"if","locations":[{"start":{"line":64,"column":4},"end":{"line":65,"column":null}}]},"6":{"loc":{"start":{"line":64,"column":7},"end":{"line":64,"column":85}},"type":"binary-expr","locations":[{"start":{"line":64,"column":7},"end":{"line":64,"column":45}},{"start":{"line":64,"column":50},"end":{"line":64,"column":85}}]},"7":{"loc":{"start":{"line":72,"column":4},"end":{"line":72,"column":42}},"type":"if","locations":[{"start":{"line":72,"column":4},"end":{"line":72,"column":42}}]},"8":{"loc":{"start":{"line":73,"column":4},"end":{"line":73,"column":null}},"type":"if","locations":[{"start":{"line":73,"column":4},"end":{"line":73,"column":null}}]},"9":{"loc":{"start":{"line":82,"column":4},"end":{"line":82,"column":null}},"type":"if","locations":[{"start":{"line":82,"column":4},"end":{"line":82,"column":null}}]},"10":{"loc":{"start":{"line":83,"column":4},"end":{"line":83,"column":null}},"type":"if","locations":[{"start":{"line":83,"column":4},"end":{"line":83,"column":null}}]},"11":{"loc":{"start":{"line":86,"column":4},"end":{"line":86,"column":null}},"type":"if","locations":[{"start":{"line":86,"column":4},"end":{"line":86,"column":null}}]},"12":{"loc":{"start":{"line":86,"column":7},"end":{"line":86,"column":92}},"type":"binary-expr","locations":[{"start":{"line":86,"column":7},"end":{"line":86,"column":34}},{"start":{"line":86,"column":38},"end":{"line":86,"column":60}},{"start":{"line":86,"column":64},"end":{"line":86,"column":92}}]},"13":{"loc":{"start":{"line":91,"column":4},"end":{"line":91,"column":30}},"type":"if","locations":[{"start":{"line":91,"column":4},"end":{"line":91,"column":30}}]},"14":{"loc":{"start":{"line":93,"column":8},"end":{"line":94,"column":20}},"type":"if","locations":[{"start":{"line":93,"column":8},"end":{"line":94,"column":20}}]},"15":{"loc":{"start":{"line":93,"column":11},"end":{"line":93,"column":83}},"type":"binary-expr","locations":[{"start":{"line":93,"column":11},"end":{"line":93,"column":46}},{"start":{"line":93,"column":50},"end":{"line":93,"column":83}}]},"16":{"loc":{"start":{"line":95,"column":8},"end":{"line":96,"column":20}},"type":"if","locations":[{"start":{"line":95,"column":8},"end":{"line":96,"column":20}}]},"17":{"loc":{"start":{"line":95,"column":11},"end":{"line":95,"column":79}},"type":"binary-expr","locations":[{"start":{"line":95,"column":11},"end":{"line":95,"column":44}},{"start":{"line":95,"column":48},"end":{"line":95,"column":79}}]},"18":{"loc":{"start":{"line":97,"column":8},"end":{"line":98,"column":20}},"type":"if","locations":[{"start":{"line":97,"column":8},"end":{"line":98,"column":20}}]},"19":{"loc":{"start":{"line":97,"column":11},"end":{"line":97,"column":79}},"type":"binary-expr","locations":[{"start":{"line":97,"column":11},"end":{"line":97,"column":45}},{"start":{"line":97,"column":49},"end":{"line":97,"column":79}}]},"20":{"loc":{"start":{"line":101,"column":4},"end":{"line":101,"column":null}},"type":"if","locations":[{"start":{"line":101,"column":4},"end":{"line":101,"column":null}}]}},"s":{"0":1,"1":1,"2":1,"3":1,"4":8,"5":8,"6":7,"7":5,"8":5,"9":4,"10":8,"11":8,"12":8,"13":1,"14":7,"15":7,"16":1,"17":6,"18":1,"19":5,"20":5,"21":5,"22":5,"23":5,"24":5,"25":5,"26":1,"27":1,"28":4,"29":4,"30":5,"31":5,"32":5,"33":5,"34":5,"35":5,"36":5,"37":1,"38":4,"39":4,"40":4,"41":4,"42":0,"43":4,"44":1,"45":3,"46":6,"47":6,"48":6,"49":3,"50":6,"51":3,"52":1,"53":2,"54":1,"55":1,"56":2,"57":1,"58":1,"59":0,"60":0,"61":0,"62":0,"63":0,"64":0,"65":0,"66":0,"67":0,"68":0,"69":0,"70":0,"71":0,"72":1,"73":1},"f":{"0":8,"1":8,"2":7,"3":5,"4":5,"5":4,"6":6,"7":6,"8":2,"9":0,"10":0},"b":{"0":[1],"1":[1],"2":[1],"3":[1,4],"4":[5,5,1],"5":[1],"6":[5,5],"7":[0],"8":[1],"9":[1],"10":[1],"11":[1],"12":[1,1,1],"13":[0],"14":[0],"15":[0,0],"16":[0],"17":[0,0],"18":[0],"19":[0,0],"20":[0]}}
}
