TN:
SF:src/config/database.ts
FN:4,connectDB
FN:8,disconnectDB
FNF:2
FNH:0
FNDA:0,connectDB
FNDA:0,disconnectDB
DA:1,1
DA:4,1
DA:5,0
DA:8,1
DA:9,0
LF:5
LH:3
BRDA:9,0,0,0
BRDA:9,0,1,0
BRDA:9,1,0,0
BRDA:9,1,1,0
BRF:4
BRH:0
end_of_record
TN:
SF:src/config/envs.ts
FN:4,loadEnv
FNF:1
FNH:0
FNDA:0,loadEnv
DA:1,1
DA:2,1
DA:4,1
DA:6,0
DA:12,0
DA:13,0
LF:6
LH:3
BRDA:6,0,0,0
BRDA:6,0,1,0
BRDA:8,1,0,0
BRDA:8,1,1,0
BRF:4
BRH:0
end_of_record
TN:
SF:src/config/index.ts
FNF:0
FNH:0
DA:1,1
DA:2,1
LF:2
LH:2
BRF:0
BRH:0
end_of_record
TN:
SF:src/errors/bad-request-error.ts
FN:3,badrequestError
FNF:1
FNH:1
FNDA:16,badrequestError
DA:3,1
DA:4,16
LF:2
LH:2
BRF:0
BRH:0
end_of_record
TN:
SF:src/errors/conflict-error.ts
FN:3,conflictError
FNF:1
FNH:0
FNDA:0,conflictError
DA:3,1
DA:4,0
LF:2
LH:1
BRF:0
BRH:0
end_of_record
TN:
SF:src/repositories/employee-repository.ts
FN:5,create
FN:9,findByName
FN:17,getHireDateById
FN:26,getAll
FNF:4
FNH:0
FNDA:0,create
FNDA:0,findByName
FNDA:0,getHireDateById
FNDA:0,getAll
DA:1,1
DA:6,0
DA:10,0
DA:18,0
DA:23,0
DA:27,0
DA:30,1
DA:37,1
LF:8
LH:3
BRF:0
BRH:0
end_of_record
TN:
SF:src/repositories/vacation-repository.ts
FN:3,create
FN:9,findAllByEmployeeId
FN:17,findVacationsWithinDateRange
FNF:3
FNH:0
FNDA:0,create
FNDA:0,findAllByEmployeeId
FNDA:0,findVacationsWithinDateRange
DA:1,1
DA:4,0
DA:10,0
DA:18,0
DA:38,0
DA:41,1
DA:47,1
LF:7
LH:3
BRF:0
BRH:0
end_of_record
TN:
SF:src/services/vacation-service.ts
FN:9,createVacationPeriod
FN:19,isEligibleForVacation
FN:26,isValidConsecutiveVacationDays
FN:32,checkConcessionPeriod
FN:59,isValidVacationPeriod
FN:68,isValidVacationFracionation
FN:75,(anonymous_20)
FN:81,(anonymous_21)
FN:85,(anonymous_22)
FN:89,isVacationPeriodOverlapping
FN:92,(anonymous_25)
FNF:11
FNH:9
FNDA:8,createVacationPeriod
FNDA:8,isEligibleForVacation
FNDA:7,isValidConsecutiveVacationDays
FNDA:5,checkConcessionPeriod
FNDA:5,isValidVacationPeriod
FNDA:4,isValidVacationFracionation
FNDA:6,(anonymous_20)
FNDA:6,(anonymous_21)
FNDA:2,(anonymous_22)
FNDA:0,isVacationPeriodOverlapping
FNDA:0,(anonymous_25)
DA:1,1
DA:2,1
DA:4,1
DA:5,1
DA:10,8
DA:11,8
DA:12,7
DA:13,5
DA:14,5
DA:15,4
DA:20,8
DA:21,8
DA:22,8
DA:27,7
DA:28,7
DA:29,6
DA:33,5
DA:34,5
DA:36,5
DA:37,5
DA:38,5
DA:40,5
DA:41,5
DA:42,1
DA:43,1
DA:45,4
DA:46,4
DA:49,5
DA:50,5
DA:53,5
DA:60,5
DA:62,5
DA:63,5
DA:64,5
DA:65,1
DA:69,4
DA:70,4
DA:71,4
DA:72,4
DA:73,4
DA:75,3
DA:76,6
DA:77,6
DA:78,6
DA:81,6
DA:82,3
DA:83,2
DA:85,2
DA:86,1
DA:90,0
DA:91,0
DA:92,0
DA:93,0
DA:94,0
DA:95,0
DA:96,0
DA:97,0
DA:98,0
DA:99,0
DA:101,0
DA:105,1
DA:110,1
LF:62
LH:51
BRDA:22,0,0,1
BRDA:28,1,0,1
BRDA:29,2,0,1
BRDA:41,3,0,1
BRDA:41,3,1,4
BRDA:41,4,0,5
BRDA:41,4,1,5
BRDA:41,4,2,1
BRDA:64,5,0,1
BRDA:64,6,0,5
BRDA:64,6,1,5
BRDA:72,7,0,0
BRDA:73,8,0,1
BRDA:82,9,0,1
BRDA:83,10,0,1
BRDA:86,11,0,1
BRDA:86,12,0,1
BRDA:86,12,1,1
BRDA:86,12,2,1
BRDA:91,13,0,0
BRDA:93,14,0,0
BRDA:93,15,0,0
BRDA:93,15,1,0
BRDA:95,16,0,0
BRDA:95,17,0,0
BRDA:95,17,1,0
BRDA:97,18,0,0
BRDA:97,19,0,0
BRDA:97,19,1,0
BRDA:101,20,0,0
BRF:30
BRH:18
end_of_record
